<?xml version="1.0" encoding="UTF-8"?>
<!-- Generated by org.testng.reporters.JUnitReportReporter -->
<testsuite skipped="0" hostname="DESKTOP-JQ0LRFT" name="com.Requests.test.RequestTest" tests="2" failures="0" timestamp="2020-01-28T20:19:59 EST" time="2.182" errors="0">
  <testcase name="test" time="0.317" classname="com.Requests.test.RequestTest"/>
  <testcase name="getAPITestWithHeaders" time="1.865" classname="com.Requests.test.RequestTest"/>
</testsuite> <!-- com.Requests.test.RequestTest -->
