<?xml version="1.0" encoding="UTF-8"?>
<!-- Generated by org.testng.reporters.JUnitReportReporter -->
<testsuite skipped="0" hostname="DESKTOP-JQ0LRFT" name="com.Requests.test.PostApiTest" tests="1" failures="0" timestamp="2020-01-28T20:22:30 EST" time="2.882" errors="0">
  <testcase name="postAPITest" time="2.882" classname="com.Requests.test.PostApiTest"/>
</testsuite> <!-- com.Requests.test.PostApiTest -->
